0 info it worked if it ends with ok
1 verbose cli [ '/usr/bin/node', '/usr/bin/npm', 'run', 'compile:sass' ]
2 info using npm@3.5.2
3 info using node@v8.10.0
4 verbose run-script [ 'precompile:sass', 'compile:sass', 'postcompile:sass' ]
5 info lifecycle portfolio@1.0.0~precompile:sass: portfolio@1.0.0
6 silly lifecycle portfolio@1.0.0~precompile:sass: no script for precompile:sass, continuing
7 info lifecycle portfolio@1.0.0~compile:sass: portfolio@1.0.0
8 verbose lifecycle portfolio@1.0.0~compile:sass: unsafe-perm in lifecycle true
9 verbose lifecycle portfolio@1.0.0~compile:sass: PATH: /usr/share/npm/bin/node-gyp-bin:/home/mato/Microverse/Portfolios/portfolio/node_modules/.bin:/home/mato/.rbenv/plugins/ruby-build/bin:/home/mato/.rbenv/shims:/home/mato/.rbenv/bin:/home/mato/.rbenv/shims:/home/mato/.rbenv/bin:/home/mato/.rvm/gems/ruby-2.7.0/bin:/home/mato/.rvm/gems/ruby-2.7.0@global/bin:/home/mato/.rvm/rubies/ruby-2.7.0/bin:/home/mato/.rbenv/plugins/ruby-build/bin:/home/mato/.rbenv/shims:/home/mato/.rbenv/bin:/home/mato/.rbenv/shims:/home/mato/.rbenv/bin:/home/mato/.rvm/gems/ruby-2.7.0/bin:/home/mato/.rvm/gems/ruby-2.7.0@global/bin:/home/mato/.rvm/rubies/ruby-2.7.0/bin:/usr/local/sbin:/usr/local/bin:/usr/sbin:/usr/bin:/sbin:/bin:/usr/games:/usr/local/games:/snap/bin:/home/mato/.rvm/bin:/home/mato/.rvm/bin:/home/mato/.rvm/bin:/home/mato/.rvm/bin
10 verbose lifecycle portfolio@1.0.0~compile:sass: CWD: /home/mato/Microverse/Portfolios/portfolio
11 silly lifecycle portfolio@1.0.0~compile:sass: Args: [ '-c', 'node-sass sass/main.scss css/style.css -w' ]
12 silly lifecycle portfolio@1.0.0~compile:sass: Returned: code: 1  signal: null
13 info lifecycle portfolio@1.0.0~compile:sass: Failed to exec compile:sass script
14 verbose stack Error: portfolio@1.0.0 compile:sass: `node-sass sass/main.scss css/style.css -w`
14 verbose stack Exit status 1
14 verbose stack     at EventEmitter.<anonymous> (/usr/share/npm/lib/utils/lifecycle.js:232:16)
14 verbose stack     at emitTwo (events.js:126:13)
14 verbose stack     at EventEmitter.emit (events.js:214:7)
14 verbose stack     at ChildProcess.<anonymous> (/usr/share/npm/lib/utils/spawn.js:24:14)
14 verbose stack     at emitTwo (events.js:126:13)
14 verbose stack     at ChildProcess.emit (events.js:214:7)
14 verbose stack     at maybeClose (internal/child_process.js:925:16)
14 verbose stack     at Process.ChildProcess._handle.onexit (internal/child_process.js:209:5)
15 verbose pkgid portfolio@1.0.0
16 verbose cwd /home/mato/Microverse/Portfolios/portfolio
17 error Linux 5.3.0-62-generic
18 error argv "/usr/bin/node" "/usr/bin/npm" "run" "compile:sass"
19 error node v8.10.0
20 error npm  v3.5.2
21 error code ELIFECYCLE
22 error portfolio@1.0.0 compile:sass: `node-sass sass/main.scss css/style.css -w`
22 error Exit status 1
23 error Failed at the portfolio@1.0.0 compile:sass script 'node-sass sass/main.scss css/style.css -w'.
23 error Make sure you have the latest version of node.js and npm installed.
23 error If you do, this is most likely a problem with the portfolio package,
23 error not with npm itself.
23 error Tell the author that this fails on your system:
23 error     node-sass sass/main.scss css/style.css -w
23 error You can get information on how to open an issue for this project with:
23 error     npm bugs portfolio
23 error Or if that isn't available, you can get their info via:
23 error     npm owner ls portfolio
23 error There is likely additional logging output above.
24 verbose exit [ 1, true ]
